<?xml version="1.0" encoding="UTF-8"?>
<!-- Generated by org.testng.reporters.JUnitReportReporter -->
<testsuite name="AvactisRegistrationPageTestCases.AvactisSingInTestFlow" tests="3" time="38.506" ignored="0" failures="0" timestamp="26 Jun 2019 15:37:21 GMT" skipped="0" hostname="MANJEET-PC" errors="0">
  <testcase name="UserLoginWithvalidData" time="15.765" classname="AvactisRegistrationPageTestCases.AvactisSingInTestFlow"/>
  <testcase name="testCaseTwo" time="9.542" classname="AvactisRegistrationPageTestCases.AvactisSingInTestFlow"/>
  <testcase name="UserLoginWithInvalidData" time="13.199" classname="AvactisRegistrationPageTestCases.AvactisSingInTestFlow"/>
</testsuite> <!-- AvactisRegistrationPageTestCases.AvactisSingInTestFlow -->
