<?xml version="1.0" encoding="UTF-8"?>
<!-- Generated by org.testng.reporters.JUnitReportReporter -->
<testsuite name="AvactisRegistrationPageTestCases.AvactisRegistrationFlowTest" tests="1" time="21.039" ignored="0" failures="0" timestamp="26 Jun 2019 14:50:33 GMT" skipped="0" hostname="MANJEET-PC" errors="0">
  <testcase name="SingInbuttonfunction" time="21.039" classname="AvactisRegistrationPageTestCases.AvactisRegistrationFlowTest"/>
</testsuite> <!-- AvactisRegistrationPageTestCases.AvactisRegistrationFlowTest -->
