<?xml version="1.0" encoding="UTF-8"?>
<!-- Generated by org.testng.reporters.JUnitReportReporter -->
<testsuite name="AvactisRegistrationPageTestCases.AvactisSingInTestFlow" tests="3" time="54.983" ignored="0" failures="0" timestamp="07 Jul 2019 07:21:26 GMT" skipped="0" hostname="MANJEET-PC" errors="0">
  <testcase name="testCaseTwo" time="10.559" classname="AvactisRegistrationPageTestCases.AvactisSingInTestFlow"/>
  <testcase name="UserLoginWithvalidData" time="20.977" classname="AvactisRegistrationPageTestCases.AvactisSingInTestFlow"/>
  <testcase name="UserLoginWithInvalidData" time="23.447" classname="AvactisRegistrationPageTestCases.AvactisSingInTestFlow"/>
</testsuite> <!-- AvactisRegistrationPageTestCases.AvactisSingInTestFlow -->
